{"C:\\Users\\malak\\Documents\\GitHub\\react\\src\\components\\Form\\components\\Button\\Button.jsx": {"path":"C:\\Users\\malak\\Documents\\GitHub\\react\\src\\components\\Form\\components\\Button\\Button.jsx","statementMap":{"0":{"start":{"line":3,"column":22},"end":{"line":7,"column":1}},"1":{"start":{"line":4,"column":4},"end":{"line":6,"column":16}}},"fnMap":{"0":{"name":"(anonymous_0)","decl":{"start":{"line":3,"column":22},"end":{"line":3,"column":23}},"loc":{"start":{"line":4,"column":4},"end":{"line":6,"column":16}},"line":4}},"branchMap":{"0":{"loc":{"start":{"line":3,"column":31},"end":{"line":3,"column":47}},"type":"default-arg","locations":[{"start":{"line":3,"column":42},"end":{"line":3,"column":47}}],"line":3}},"s":{"0":1,"1":5},"f":{"0":5},"b":{"0":[4]},"_coverageSchema":"1a1c01bbd47fc00a2c39e90264f33305004495a9","hash":"09b6e1d9658fc67cb0be5d01dfc2ef97f983a517"}
}
